DEBUG:root:Init TableList
DEBUG:root:Init WaitorList
DEBUG:root:Init ActionList
INFO:root:Add action with ID: 1, description: bestellen and table (ID: 1, number: 4)
INFO:root:Add action with ID: 2, description: bestellen and table (ID: 1, number: 4)
INFO:root:Add action with ID: 3, description: bezahlen and table (ID: 1, number: 4)
INFO:root:Add action with ID: 4, description: frage and table (ID: 1, number: 4)
INFO:root:Add action with ID: 5, description: bestellen and table (ID: 2, number: 7)
INFO:root:Add action with ID: 6, description: bestellen and table (ID: 3, number: 1)
INFO:root:Add action with ID: 7, description: bestellen and table (ID: 4, number: 8)
INFO:root:Add action with ID: 8, description: bestellen and table (ID: 1, number: 4)
CRITICAL:root:Action was posted from a table with an ID which is not created or not registered!
DEBUG:root:Init TableList
DEBUG:root:Init WaitorList
DEBUG:root:Init ActionList
INFO:root:Add action with ID: 1, description: bestellen and table (ID: 1, number: 4)
INFO:root:Add action with ID: 2, description: bestellen and table (ID: 1, number: 4)
INFO:root:Add action with ID: 3, description: bezahlen and table (ID: 1, number: 4)
INFO:root:Add action with ID: 4, description: frage and table (ID: 1, number: 4)
INFO:root:Add action with ID: 5, description: bestellen and table (ID: 2, number: 7)
INFO:root:Add action with ID: 6, description: bestellen and table (ID: 3, number: 1)
INFO:root:Add action with ID: 7, description: bestellen and table (ID: 4, number: 8)
INFO:root:Add action with ID: 8, description: bestellen and table (ID: 1, number: 4)
CRITICAL:root:Action was posted from a table with an ID which is not created or not registered!
INFO:root:Store Waitor List...
DEBUG:root:Init TableList
DEBUG:root:Init WaitorList
DEBUG:root:Init ActionList
INFO:root:Add action with ID: 1, description: bestellen and table (ID: 1, number: 4)
INFO:root:Add action with ID: 2, description: bestellen and table (ID: 1, number: 4)
INFO:root:Add action with ID: 3, description: bezahlen and table (ID: 1, number: 4)
INFO:root:Add action with ID: 4, description: frage and table (ID: 1, number: 4)
INFO:root:Add action with ID: 5, description: bestellen and table (ID: 2, number: 7)
INFO:root:Add action with ID: 6, description: bestellen and table (ID: 3, number: 1)
INFO:root:Add action with ID: 7, description: bestellen and table (ID: 4, number: 8)
INFO:root:Add action with ID: 8, description: bestellen and table (ID: 1, number: 4)
CRITICAL:root:Action was posted from a table with an ID which is not created or not registered!
INFO:root:Store Waitor List...
DEBUG:root:Init TableList
DEBUG:root:Init WaitorList
DEBUG:root:Init ActionList
INFO:root:Add action with ID: 1, description: bestellen and table (ID: 1, number: 4)
INFO:root:Add action with ID: 2, description: bestellen and table (ID: 1, number: 4)
INFO:root:Add action with ID: 3, description: bezahlen and table (ID: 1, number: 4)
INFO:root:Add action with ID: 4, description: frage and table (ID: 1, number: 4)
INFO:root:Add action with ID: 5, description: bestellen and table (ID: 2, number: 7)
INFO:root:Add action with ID: 6, description: bestellen and table (ID: 3, number: 1)
INFO:root:Add action with ID: 7, description: bestellen and table (ID: 4, number: 8)
INFO:root:Add action with ID: 8, description: bestellen and table (ID: 1, number: 4)
CRITICAL:root:Action was posted from a table with an ID which is not created or not registered!
INFO:root:Store Waitor List...
INFO:root:Store Table List...
INFO:root:Stopping server...
DEBUG:root:Init TableList
DEBUG:root:Init TableList
DEBUG:root:Init TableList
DEBUG:root:Init TableList
DEBUG:root:Init TableList
DEBUG:root:Init TableList
DEBUG:root:Init TableList
DEBUG:root:Init TableList
DEBUG:root:Init TableList
DEBUG:root:Init TableList
DEBUG:root:Init TableList
DEBUG:root:Init TableList
DEBUG:root:Init TableList
DEBUG:root:Init WaitorList
DEBUG:root:Init ActionList
DEBUG:root:Init TableList
DEBUG:root:Init WaitorList
DEBUG:root:Init ActionList
INFO:root:Add action with ID: 1, description: bestellen and table (ID: 1, number: 4)
INFO:root:Add action with ID: 2, description: bestellen and table (ID: 1, number: 4)
INFO:root:Add action with ID: 3, description: bezahlen and table (ID: 1, number: 4)
INFO:root:Add action with ID: 4, description: frage and table (ID: 1, number: 4)
INFO:root:Add action with ID: 5, description: bestellen and table (ID: 2, number: 7)
INFO:root:Add action with ID: 6, description: bestellen and table (ID: 3, number: 1)
INFO:root:Add action with ID: 7, description: bestellen and table (ID: 4, number: 8)
INFO:root:Add action with ID: 8, description: bestellen and table (ID: 1, number: 4)
CRITICAL:root:Action was posted from a table with an ID which is not created or not registered!
INFO:root:Store Waitor List...
INFO:root:Store Table List...
DEBUG:root:Init TableList
DEBUG:root:Init TableList
DEBUG:root:Init WaitorList
DEBUG:root:Init ActionList
INFO:root:Add action with ID: 1, description: bestellen and table (ID: 1, number: 4)
INFO:root:Add action with ID: 2, description: bestellen and table (ID: 1, number: 4)
INFO:root:Add action with ID: 3, description: bezahlen and table (ID: 1, number: 4)
INFO:root:Add action with ID: 4, description: frage and table (ID: 1, number: 4)
INFO:root:Add action with ID: 5, description: bestellen and table (ID: 2, number: 7)
INFO:root:Add action with ID: 6, description: bestellen and table (ID: 3, number: 1)
INFO:root:Add action with ID: 7, description: bestellen and table (ID: 4, number: 8)
INFO:root:Add action with ID: 8, description: bestellen and table (ID: 1, number: 4)
CRITICAL:root:Action was posted from a table with an ID which is not created or not registered!
INFO:root:Store Waitor List...
INFO:root:Store Table List...
INFO:root:Waiting for completion of all tasks...
DEBUG:root:Init TableList
DEBUG:root:Init WaitorList
DEBUG:root:Init ActionList
INFO:root:Add action with ID: 1, description: bestellen and table (ID: 1, number: 4)
INFO:root:Add action with ID: 2, description: bestellen and table (ID: 1, number: 4)
INFO:root:Add action with ID: 3, description: bezahlen and table (ID: 1, number: 4)
INFO:root:Add action with ID: 4, description: frage and table (ID: 1, number: 4)
INFO:root:Add action with ID: 5, description: bestellen and table (ID: 2, number: 7)
INFO:root:Add action with ID: 6, description: bestellen and table (ID: 3, number: 1)
INFO:root:Add action with ID: 7, description: bestellen and table (ID: 4, number: 8)
INFO:root:Add action with ID: 8, description: bestellen and table (ID: 1, number: 4)
CRITICAL:root:Action was posted from a table with an ID which is not created or not registered!
INFO:root:Store Waitor List...
INFO:root:Store Table List...
INFO:root:Waiting for completion of all tasks...
DEBUG:root:Init TableList
DEBUG:root:Init WaitorList
DEBUG:root:Init ActionList
INFO:root:Server started successfully!
ERROR:GASTROCOM:Exception on /api/GET/action/1 [GET]
Traceback (most recent call last):
  File "/home/jakob/.local/lib/python3.8/site-packages/flask/app.py", line 2051, in wsgi_app
    response = self.full_dispatch_request()
  File "/home/jakob/.local/lib/python3.8/site-packages/flask/app.py", line 1501, in full_dispatch_request
    rv = self.handle_user_exception(e)
  File "/home/jakob/.local/lib/python3.8/site-packages/flask/app.py", line 1499, in full_dispatch_request
    rv = self.dispatch_request()
  File "/home/jakob/.local/lib/python3.8/site-packages/flask/app.py", line 1485, in dispatch_request
    return self.ensure_sync(self.view_functions[rule.endpoint])(**req.view_args)
  File "/home/jakob/PycharmProjects/GastronomyCommunicator/Server/web_server.py", line 17, in get_action
    return jsonify(core.get_action(inf))
TypeError: get_action() takes 1 positional argument but 2 were given
DEBUG:root:Init TableList
DEBUG:root:Init WaitorList
DEBUG:root:Init ActionList
INFO:root:Server started successfully!
ERROR:GASTROCOM:Exception on /api/GET/action/1 [GET]
Traceback (most recent call last):
  File "/home/jakob/.local/lib/python3.8/site-packages/flask/app.py", line 2051, in wsgi_app
    response = self.full_dispatch_request()
  File "/home/jakob/.local/lib/python3.8/site-packages/flask/app.py", line 1501, in full_dispatch_request
    rv = self.handle_user_exception(e)
  File "/home/jakob/.local/lib/python3.8/site-packages/flask/app.py", line 1499, in full_dispatch_request
    rv = self.dispatch_request()
  File "/home/jakob/.local/lib/python3.8/site-packages/flask/app.py", line 1485, in dispatch_request
    return self.ensure_sync(self.view_functions[rule.endpoint])(**req.view_args)
  File "/home/jakob/PycharmProjects/GastronomyCommunicator/Server/web_server.py", line 17, in get_action_
    return jsonify(core.get_action(inf))
TypeError: get_action() takes 1 positional argument but 2 were given
DEBUG:root:Init TableList
DEBUG:root:Init WaitorList
DEBUG:root:Init ActionList
INFO:root:Server started successfully!
ERROR:GASTROCOM:Exception on /api/GET/action/1 [GET]
Traceback (most recent call last):
  File "/home/jakob/.local/lib/python3.8/site-packages/flask/app.py", line 2051, in wsgi_app
    response = self.full_dispatch_request()
  File "/home/jakob/.local/lib/python3.8/site-packages/flask/app.py", line 1501, in full_dispatch_request
    rv = self.handle_user_exception(e)
  File "/home/jakob/.local/lib/python3.8/site-packages/flask/app.py", line 1499, in full_dispatch_request
    rv = self.dispatch_request()
  File "/home/jakob/.local/lib/python3.8/site-packages/flask/app.py", line 1485, in dispatch_request
    return self.ensure_sync(self.view_functions[rule.endpoint])(**req.view_args)
  File "/home/jakob/PycharmProjects/GastronomyCommunicator/Server/web_server.py", line 18, in get_action
    return jsonify(core.get_action(inf))
TypeError: get_action() takes 1 positional argument but 2 were given
DEBUG:root:Init TableList
DEBUG:root:Init WaitorList
DEBUG:root:Init ActionList
INFO:root:Server started successfully!
ERROR:GASTROCOM:Exception on /api/GET/action/1 [GET]
Traceback (most recent call last):
  File "/home/jakob/.local/lib/python3.8/site-packages/flask/app.py", line 2051, in wsgi_app
    response = self.full_dispatch_request()
  File "/home/jakob/.local/lib/python3.8/site-packages/flask/app.py", line 1501, in full_dispatch_request
    rv = self.handle_user_exception(e)
  File "/home/jakob/.local/lib/python3.8/site-packages/flask/app.py", line 1499, in full_dispatch_request
    rv = self.dispatch_request()
  File "/home/jakob/.local/lib/python3.8/site-packages/flask/app.py", line 1485, in dispatch_request
    return self.ensure_sync(self.view_functions[rule.endpoint])(**req.view_args)
  File "/home/jakob/PycharmProjects/GastronomyCommunicator/Server/web_server.py", line 16, in get_action
    print(core.get_action(1))
TypeError: get_action() takes 1 positional argument but 2 were given
DEBUG:root:Init TableList
DEBUG:root:Init WaitorList
DEBUG:root:Init ActionList
INFO:root:Server started successfully!
ERROR:GASTROCOM:Exception on /api/GET/action/1 [GET]
Traceback (most recent call last):
  File "/home/jakob/.local/lib/python3.8/site-packages/flask/app.py", line 2051, in wsgi_app
    response = self.full_dispatch_request()
  File "/home/jakob/.local/lib/python3.8/site-packages/flask/app.py", line 1501, in full_dispatch_request
    rv = self.handle_user_exception(e)
  File "/home/jakob/.local/lib/python3.8/site-packages/flask/app.py", line 1499, in full_dispatch_request
    rv = self.dispatch_request()
  File "/home/jakob/.local/lib/python3.8/site-packages/flask/app.py", line 1485, in dispatch_request
    return self.ensure_sync(self.view_functions[rule.endpoint])(**req.view_args)
  File "/home/jakob/PycharmProjects/GastronomyCommunicator/Server/web_server.py", line 16, in get_action
    print(core.get_action(1))
  File "/home/jakob/PycharmProjects/GastronomyCommunicator/Server/server.py", line 41, in get_action
    self.action_list.get_action_by_id(action_id).get_action_in_json()
AttributeError: 'bool' object has no attribute 'get_action_in_json'
DEBUG:root:Init TableList
DEBUG:root:Init WaitorList
DEBUG:root:Init ActionList
INFO:root:Server started successfully!
DEBUG:root:Init TableList
DEBUG:root:Init WaitorList
DEBUG:root:Init ActionList
INFO:root:Add action with ID: 1, description: bestellen and table (ID: 1, number: 4)
INFO:root:Add action with ID: 2, description: bestellen and table (ID: 1, number: 4)
INFO:root:Add action with ID: 3, description: bezahlen and table (ID: 1, number: 4)
INFO:root:Add action with ID: 4, description: frage and table (ID: 1, number: 4)
INFO:root:Add action with ID: 5, description: bestellen and table (ID: 2, number: 7)
INFO:root:Add action with ID: 6, description: bestellen and table (ID: 3, number: 1)
INFO:root:Add action with ID: 7, description: bestellen and table (ID: 4, number: 8)
INFO:root:Add action with ID: 8, description: bestellen and table (ID: 1, number: 4)
CRITICAL:root:Action was posted from a table with an ID, which is not created or not registered!
INFO:root:Server started successfully!
ERROR:GASTROCOM:Exception on /api/GET/action/1 [GET]
Traceback (most recent call last):
  File "/home/jakob/.local/lib/python3.8/site-packages/flask/app.py", line 2051, in wsgi_app
    response = self.full_dispatch_request()
  File "/home/jakob/.local/lib/python3.8/site-packages/flask/app.py", line 1501, in full_dispatch_request
    rv = self.handle_user_exception(e)
  File "/home/jakob/.local/lib/python3.8/site-packages/flask/app.py", line 1499, in full_dispatch_request
    rv = self.dispatch_request()
  File "/home/jakob/.local/lib/python3.8/site-packages/flask/app.py", line 1485, in dispatch_request
    return self.ensure_sync(self.view_functions[rule.endpoint])(**req.view_args)
  File "/home/jakob/PycharmProjects/GastronomyCommunicator/Server/web_server.py", line 18, in get_action
    return jsonify(core.get_action(inf))
  File "/home/jakob/PycharmProjects/GastronomyCommunicator/Server/server.py", line 41, in get_action
    self.action_list.get_action_by_id(action_id).get_action_in_json()
AttributeError: 'bool' object has no attribute 'get_action_in_json'
ERROR:GASTROCOM:Exception on /api/GET/action/0 [GET]
Traceback (most recent call last):
  File "/home/jakob/.local/lib/python3.8/site-packages/flask/app.py", line 2051, in wsgi_app
    response = self.full_dispatch_request()
  File "/home/jakob/.local/lib/python3.8/site-packages/flask/app.py", line 1501, in full_dispatch_request
    rv = self.handle_user_exception(e)
  File "/home/jakob/.local/lib/python3.8/site-packages/flask/app.py", line 1499, in full_dispatch_request
    rv = self.dispatch_request()
  File "/home/jakob/.local/lib/python3.8/site-packages/flask/app.py", line 1485, in dispatch_request
    return self.ensure_sync(self.view_functions[rule.endpoint])(**req.view_args)
  File "/home/jakob/PycharmProjects/GastronomyCommunicator/Server/web_server.py", line 18, in get_action
    return jsonify(core.get_action(inf))
  File "/home/jakob/PycharmProjects/GastronomyCommunicator/Server/server.py", line 41, in get_action
    self.action_list.get_action_by_id(action_id).get_action_in_json()
AttributeError: 'bool' object has no attribute 'get_action_in_json'
ERROR:GASTROCOM:Exception on /api/GET/action/3 [GET]
Traceback (most recent call last):
  File "/home/jakob/.local/lib/python3.8/site-packages/flask/app.py", line 2051, in wsgi_app
    response = self.full_dispatch_request()
  File "/home/jakob/.local/lib/python3.8/site-packages/flask/app.py", line 1501, in full_dispatch_request
    rv = self.handle_user_exception(e)
  File "/home/jakob/.local/lib/python3.8/site-packages/flask/app.py", line 1499, in full_dispatch_request
    rv = self.dispatch_request()
  File "/home/jakob/.local/lib/python3.8/site-packages/flask/app.py", line 1485, in dispatch_request
    return self.ensure_sync(self.view_functions[rule.endpoint])(**req.view_args)
  File "/home/jakob/PycharmProjects/GastronomyCommunicator/Server/web_server.py", line 18, in get_action
    return jsonify(core.get_action(inf))
  File "/home/jakob/PycharmProjects/GastronomyCommunicator/Server/server.py", line 41, in get_action
    self.action_list.get_action_by_id(action_id).get_action_in_json()
AttributeError: 'bool' object has no attribute 'get_action_in_json'
DEBUG:root:Init TableList
DEBUG:root:Init WaitorList
DEBUG:root:Init ActionList
INFO:root:Add action with ID: 1, description: bestellen and table (ID: 1, number: 4)
INFO:root:Add action with ID: 2, description: bestellen and table (ID: 1, number: 4)
INFO:root:Add action with ID: 3, description: bezahlen and table (ID: 1, number: 4)
INFO:root:Add action with ID: 4, description: frage and table (ID: 1, number: 4)
INFO:root:Add action with ID: 5, description: bestellen and table (ID: 2, number: 7)
INFO:root:Add action with ID: 6, description: bestellen and table (ID: 3, number: 1)
INFO:root:Add action with ID: 7, description: bestellen and table (ID: 4, number: 8)
INFO:root:Add action with ID: 8, description: bestellen and table (ID: 1, number: 4)
CRITICAL:root:Action was posted from a table with an ID, which is not created or not registered!
INFO:root:Server started successfully!
ERROR:GASTROCOM:Exception on /api/GET/action/3 [GET]
Traceback (most recent call last):
  File "/home/jakob/.local/lib/python3.8/site-packages/flask/app.py", line 2051, in wsgi_app
    response = self.full_dispatch_request()
  File "/home/jakob/.local/lib/python3.8/site-packages/flask/app.py", line 1501, in full_dispatch_request
    rv = self.handle_user_exception(e)
  File "/home/jakob/.local/lib/python3.8/site-packages/flask/app.py", line 1499, in full_dispatch_request
    rv = self.dispatch_request()
  File "/home/jakob/.local/lib/python3.8/site-packages/flask/app.py", line 1485, in dispatch_request
    return self.ensure_sync(self.view_functions[rule.endpoint])(**req.view_args)
  File "/home/jakob/PycharmProjects/GastronomyCommunicator/Server/web_server.py", line 18, in get_action
    return jsonify(core.get_action(inf))
  File "/home/jakob/PycharmProjects/GastronomyCommunicator/Server/server.py", line 41, in get_action
    self.action_list.get_action_by_id(action_id).get_action_in_json()
AttributeError: 'bool' object has no attribute 'get_action_in_json'
DEBUG:root:Init TableList
DEBUG:root:Init WaitorList
DEBUG:root:Init ActionList
INFO:root:Add action with ID: 1, description: bestellen and table (ID: 1, number: 4)
INFO:root:Add action with ID: 2, description: bestellen and table (ID: 1, number: 4)
INFO:root:Add action with ID: 3, description: bezahlen and table (ID: 1, number: 4)
INFO:root:Add action with ID: 4, description: frage and table (ID: 1, number: 4)
INFO:root:Add action with ID: 5, description: bestellen and table (ID: 2, number: 7)
INFO:root:Add action with ID: 6, description: bestellen and table (ID: 3, number: 1)
INFO:root:Add action with ID: 7, description: bestellen and table (ID: 4, number: 8)
INFO:root:Add action with ID: 8, description: bestellen and table (ID: 1, number: 4)
CRITICAL:root:Action was posted from a table with an ID, which is not created or not registered!
INFO:root:Server started successfully!
DEBUG:root:Init TableList
DEBUG:root:Init WaitorList
DEBUG:root:Init ActionList
INFO:root:Add action with ID: 1, description: bestellen and table (ID: 1, number: 4)
INFO:root:Add action with ID: 2, description: bestellen and table (ID: 1, number: 4)
INFO:root:Add action with ID: 3, description: bezahlen and table (ID: 1, number: 4)
INFO:root:Add action with ID: 4, description: frage and table (ID: 1, number: 4)
INFO:root:Add action with ID: 5, description: bestellen and table (ID: 2, number: 7)
INFO:root:Add action with ID: 6, description: bestellen and table (ID: 3, number: 1)
INFO:root:Add action with ID: 7, description: bestellen and table (ID: 4, number: 8)
INFO:root:Add action with ID: 8, description: bestellen and table (ID: 1, number: 4)
CRITICAL:root:Action was posted from a table with an ID, which is not created or not registered!
INFO:root:Server started successfully!
DEBUG:root:Init TableList
DEBUG:root:Init WaitorList
DEBUG:root:Init ActionList
INFO:root:Add action with ID: 1, description: bestellen and table (ID: 1, number: 4)
INFO:root:Add action with ID: 2, description: bestellen and table (ID: 1, number: 4)
INFO:root:Add action with ID: 3, description: bezahlen and table (ID: 1, number: 4)
INFO:root:Add action with ID: 4, description: frage and table (ID: 1, number: 4)
INFO:root:Add action with ID: 5, description: bestellen and table (ID: 2, number: 7)
INFO:root:Add action with ID: 6, description: bestellen and table (ID: 3, number: 1)
INFO:root:Add action with ID: 7, description: bestellen and table (ID: 4, number: 8)
INFO:root:Add action with ID: 8, description: bestellen and table (ID: 1, number: 4)
CRITICAL:root:Action was posted from a table with an ID, which is not created or not registered!
INFO:root:Server started successfully!
DEBUG:root:Init TableList
DEBUG:root:Init WaitorList
DEBUG:root:Init ActionList
INFO:root:Add action with ID: 1, description: bestellen and table (ID: 1, number: 4)
INFO:root:Add action with ID: 2, description: bestellen and table (ID: 1, number: 4)
INFO:root:Add action with ID: 3, description: bezahlen and table (ID: 1, number: 4)
INFO:root:Add action with ID: 4, description: frage and table (ID: 1, number: 4)
INFO:root:Add action with ID: 5, description: bestellen and table (ID: 2, number: 7)
INFO:root:Add action with ID: 6, description: bestellen and table (ID: 3, number: 1)
INFO:root:Add action with ID: 7, description: bestellen and table (ID: 4, number: 8)
INFO:root:Add action with ID: 8, description: bestellen and table (ID: 1, number: 4)
CRITICAL:root:Action was posted from a table with an ID, which is not created or not registered!
INFO:root:Server started successfully!
DEBUG:root:Init TableList
DEBUG:root:Init WaitorList
DEBUG:root:Init ActionList
INFO:root:Add action with ID: 1, description: bestellen and table (ID: 1, number: 4)
INFO:root:Add action with ID: 2, description: bestellen and table (ID: 1, number: 4)
INFO:root:Add action with ID: 3, description: bezahlen and table (ID: 1, number: 4)
INFO:root:Add action with ID: 4, description: frage and table (ID: 1, number: 4)
INFO:root:Add action with ID: 5, description: bestellen and table (ID: 2, number: 7)
INFO:root:Add action with ID: 6, description: bestellen and table (ID: 3, number: 1)
INFO:root:Add action with ID: 7, description: bestellen and table (ID: 4, number: 8)
INFO:root:Add action with ID: 8, description: bestellen and table (ID: 1, number: 4)
CRITICAL:root:Action was posted from a table with an ID, which is not created or not registered!
INFO:root:Server started successfully!
DEBUG:root:Init TableList
DEBUG:root:Init WaitorList
DEBUG:root:Init ActionList
INFO:root:Add action with ID: 1, description: bestellen and table (ID: 1, number: 4)
INFO:root:Add action with ID: 2, description: bestellen and table (ID: 1, number: 4)
INFO:root:Add action with ID: 3, description: bezahlen and table (ID: 1, number: 4)
INFO:root:Add action with ID: 4, description: frage and table (ID: 1, number: 4)
INFO:root:Add action with ID: 5, description: bestellen and table (ID: 2, number: 7)
INFO:root:Add action with ID: 6, description: bestellen and table (ID: 3, number: 1)
INFO:root:Add action with ID: 7, description: bestellen and table (ID: 4, number: 8)
INFO:root:Add action with ID: 8, description: bestellen and table (ID: 1, number: 4)
CRITICAL:root:Action was posted from a table with an ID, which is not created or not registered!
INFO:root:Server started successfully!
DEBUG:root:Init TableList
DEBUG:root:Init WaitorList
DEBUG:root:Init ActionList
INFO:root:Add action with ID: 1, description: bestellen and table (ID: 1, number: 4)
INFO:root:Add action with ID: 2, description: bestellen and table (ID: 1, number: 4)
INFO:root:Add action with ID: 3, description: bezahlen and table (ID: 1, number: 4)
INFO:root:Add action with ID: 4, description: frage and table (ID: 1, number: 4)
INFO:root:Add action with ID: 5, description: bestellen and table (ID: 2, number: 7)
INFO:root:Add action with ID: 6, description: bestellen and table (ID: 3, number: 1)
INFO:root:Add action with ID: 7, description: bestellen and table (ID: 4, number: 8)
INFO:root:Add action with ID: 8, description: bestellen and table (ID: 1, number: 4)
CRITICAL:root:Action was posted from a table with an ID, which is not created or not registered!
INFO:root:Server started successfully!
ERROR:GASTROCOM:Exception on /api/GET/action/0 [GET]
Traceback (most recent call last):
  File "/home/jakob/.local/lib/python3.8/site-packages/flask/app.py", line 2051, in wsgi_app
    response = self.full_dispatch_request()
  File "/home/jakob/.local/lib/python3.8/site-packages/flask/app.py", line 1501, in full_dispatch_request
    rv = self.handle_user_exception(e)
  File "/home/jakob/.local/lib/python3.8/site-packages/flask/app.py", line 1499, in full_dispatch_request
    rv = self.dispatch_request()
  File "/home/jakob/.local/lib/python3.8/site-packages/flask/app.py", line 1485, in dispatch_request
    return self.ensure_sync(self.view_functions[rule.endpoint])(**req.view_args)
  File "/home/jakob/PycharmProjects/GastronomyCommunicator/Server/web_server.py", line 17, in get_action
    action = core.get_action(inf)
  File "/home/jakob/PycharmProjects/GastronomyCommunicator/Server/server.py", line 41, in get_action
    return self.action_list.get_action_by_id(action_id).get_action_in_json()
AttributeError: 'bool' object has no attribute 'get_action_in_json'
DEBUG:root:Init TableList
DEBUG:root:Init WaitorList
DEBUG:root:Init ActionList
INFO:root:Add action with ID: 1, description: bestellen and table (ID: 1, number: 4)
INFO:root:Add action with ID: 2, description: bestellen and table (ID: 1, number: 4)
INFO:root:Add action with ID: 3, description: bezahlen and table (ID: 1, number: 4)
INFO:root:Add action with ID: 4, description: frage and table (ID: 1, number: 4)
INFO:root:Add action with ID: 5, description: bestellen and table (ID: 2, number: 7)
INFO:root:Add action with ID: 6, description: bestellen and table (ID: 3, number: 1)
INFO:root:Add action with ID: 7, description: bestellen and table (ID: 4, number: 8)
INFO:root:Add action with ID: 8, description: bestellen and table (ID: 1, number: 4)
CRITICAL:root:Action was posted from a table with an ID, which is not created or not registered!
INFO:root:Server started successfully!
DEBUG:root:Init TableList
DEBUG:root:Init WaitorList
DEBUG:root:Init ActionList
INFO:root:Add action with ID: 1, description: bestellen and table (ID: 1, number: 4)
INFO:root:Add action with ID: 2, description: bestellen and table (ID: 1, number: 4)
INFO:root:Add action with ID: 3, description: bezahlen and table (ID: 1, number: 4)
INFO:root:Add action with ID: 4, description: frage and table (ID: 1, number: 4)
INFO:root:Add action with ID: 5, description: bestellen and table (ID: 2, number: 7)
INFO:root:Add action with ID: 6, description: bestellen and table (ID: 3, number: 1)
INFO:root:Add action with ID: 7, description: bestellen and table (ID: 4, number: 8)
INFO:root:Add action with ID: 8, description: bestellen and table (ID: 1, number: 4)
CRITICAL:root:Action was posted from a table with an ID, which is not created or not registered!
INFO:root:Server started successfully!
DEBUG:root:Init TableList
DEBUG:root:Init WaitorList
DEBUG:root:Init ActionList
INFO:root:Add action with ID: 1, description: bestellen and table (ID: 1, number: 4)
INFO:root:Add action with ID: 2, description: bestellen and table (ID: 1, number: 4)
INFO:root:Add action with ID: 3, description: bezahlen and table (ID: 1, number: 4)
INFO:root:Add action with ID: 4, description: frage and table (ID: 1, number: 4)
INFO:root:Add action with ID: 5, description: bestellen and table (ID: 2, number: 7)
INFO:root:Add action with ID: 6, description: bestellen and table (ID: 3, number: 1)
INFO:root:Add action with ID: 7, description: bestellen and table (ID: 4, number: 8)
INFO:root:Add action with ID: 8, description: bestellen and table (ID: 1, number: 4)
CRITICAL:root:Action was posted from a table with an ID, which is not created or not registered!
INFO:root:Server started successfully!
ERROR:GASTROCOM:Exception on /api/POST/addAction [GET]
Traceback (most recent call last):
  File "/home/jakob/.local/lib/python3.8/site-packages/flask/app.py", line 2051, in wsgi_app
    response = self.full_dispatch_request()
  File "/home/jakob/.local/lib/python3.8/site-packages/flask/app.py", line 1501, in full_dispatch_request
    rv = self.handle_user_exception(e)
  File "/home/jakob/.local/lib/python3.8/site-packages/flask/app.py", line 1499, in full_dispatch_request
    rv = self.dispatch_request()
  File "/home/jakob/.local/lib/python3.8/site-packages/flask/app.py", line 1485, in dispatch_request
    return self.ensure_sync(self.view_functions[rule.endpoint])(**req.view_args)
  File "/home/jakob/PycharmProjects/GastronomyCommunicator/Server/web_server.py", line 24, in post_action
    core.assign_action(data["description"], data["table_id"])
KeyError: 'description'
ERROR:GASTROCOM:Exception on /api/POST/addAction [GET]
Traceback (most recent call last):
  File "/home/jakob/.local/lib/python3.8/site-packages/flask/app.py", line 2051, in wsgi_app
    response = self.full_dispatch_request()
  File "/home/jakob/.local/lib/python3.8/site-packages/flask/app.py", line 1501, in full_dispatch_request
    rv = self.handle_user_exception(e)
  File "/home/jakob/.local/lib/python3.8/site-packages/flask/app.py", line 1499, in full_dispatch_request
    rv = self.dispatch_request()
  File "/home/jakob/.local/lib/python3.8/site-packages/flask/app.py", line 1485, in dispatch_request
    return self.ensure_sync(self.view_functions[rule.endpoint])(**req.view_args)
  File "/home/jakob/PycharmProjects/GastronomyCommunicator/Server/web_server.py", line 24, in post_action
    core.assign_action(data["description"], data["table_id"])
KeyError: 'description'
DEBUG:root:Init TableList
DEBUG:root:Init WaitorList
DEBUG:root:Init ActionList
INFO:root:Add action with ID: 1, description: bestellen and table (ID: 1, number: 4)
INFO:root:Add action with ID: 2, description: bestellen and table (ID: 1, number: 4)
INFO:root:Add action with ID: 3, description: bezahlen and table (ID: 1, number: 4)
INFO:root:Add action with ID: 4, description: frage and table (ID: 1, number: 4)
INFO:root:Add action with ID: 5, description: bestellen and table (ID: 2, number: 7)
INFO:root:Add action with ID: 6, description: bestellen and table (ID: 3, number: 1)
INFO:root:Add action with ID: 7, description: bestellen and table (ID: 4, number: 8)
INFO:root:Add action with ID: 8, description: bestellen and table (ID: 1, number: 4)
CRITICAL:root:Action was posted from a table with an ID, which is not created or not registered!
INFO:root:Server started successfully!
DEBUG:root:Init TableList
DEBUG:root:Init WaitorList
DEBUG:root:Init ActionList
INFO:root:Add action with ID: 1, description: bestellen and table (ID: 1, number: 4)
INFO:root:Add action with ID: 2, description: bestellen and table (ID: 1, number: 4)
INFO:root:Add action with ID: 3, description: bezahlen and table (ID: 1, number: 4)
INFO:root:Add action with ID: 4, description: frage and table (ID: 1, number: 4)
INFO:root:Add action with ID: 5, description: bestellen and table (ID: 2, number: 7)
INFO:root:Add action with ID: 6, description: bestellen and table (ID: 3, number: 1)
INFO:root:Add action with ID: 7, description: bestellen and table (ID: 4, number: 8)
INFO:root:Add action with ID: 8, description: bestellen and table (ID: 1, number: 4)
CRITICAL:root:Action was posted from a table with an ID, which is not created or not registered!
INFO:root:Server started successfully!
DEBUG:root:Init TableList
DEBUG:root:Init WaitorList
DEBUG:root:Init ActionList
INFO:root:Add action with ID: 1, description: bestellen and table (ID: 1, number: 4)
INFO:root:Add action with ID: 2, description: bestellen and table (ID: 1, number: 4)
INFO:root:Add action with ID: 3, description: bezahlen and table (ID: 1, number: 4)
INFO:root:Add action with ID: 4, description: frage and table (ID: 1, number: 4)
INFO:root:Add action with ID: 5, description: bestellen and table (ID: 2, number: 7)
INFO:root:Add action with ID: 6, description: bestellen and table (ID: 3, number: 1)
INFO:root:Add action with ID: 7, description: bestellen and table (ID: 4, number: 8)
INFO:root:Add action with ID: 8, description: bestellen and table (ID: 1, number: 4)
CRITICAL:root:Action was posted from a table with an ID, which is not created or not registered!
INFO:root:Server started successfully!
DEBUG:root:Init TableList
DEBUG:root:Init WaitorList
DEBUG:root:Init ActionList
INFO:root:Add action with ID: 1, description: bestellen and table (ID: 1, number: 4)
INFO:root:Add action with ID: 2, description: bestellen and table (ID: 1, number: 4)
INFO:root:Add action with ID: 3, description: bezahlen and table (ID: 1, number: 4)
INFO:root:Add action with ID: 4, description: frage and table (ID: 1, number: 4)
INFO:root:Add action with ID: 5, description: bestellen and table (ID: 2, number: 7)
INFO:root:Add action with ID: 6, description: bestellen and table (ID: 3, number: 1)
INFO:root:Add action with ID: 7, description: bestellen and table (ID: 4, number: 8)
INFO:root:Add action with ID: 8, description: bestellen and table (ID: 1, number: 4)
CRITICAL:root:Action was posted from a table with an ID, which is not created or not registered!
INFO:root:Server started successfully!
DEBUG:root:Init TableList
DEBUG:root:Init WaitorList
DEBUG:root:Init ActionList
INFO:root:Server started successfully!
DEBUG:root:Init TableList
DEBUG:root:Init WaitorList
DEBUG:root:Init ActionList
INFO:root:Server started successfully!
DEBUG:root:Init TableList
DEBUG:root:Init WaitorList
DEBUG:root:Init ActionList
INFO:root:Server started successfully!
DEBUG:root:Init TableList
DEBUG:root:Init WaitorList
DEBUG:root:Init ActionList
INFO:root:Server started successfully!
DEBUG:root:Init TableList
DEBUG:root:Init WaitorList
DEBUG:root:Init ActionList
INFO:root:Server started successfully!
DEBUG:root:Init TableList
DEBUG:root:Init WaitorList
DEBUG:root:Init ActionList
INFO:root:Server started successfully!
DEBUG:root:Init TableList
DEBUG:root:Init WaitorList
DEBUG:root:Init ActionList
INFO:root:Server started successfully!
DEBUG:root:Init TableList
DEBUG:root:Init WaitorList
DEBUG:root:Init ActionList
INFO:root:Server started successfully!
DEBUG:root:Init TableList
DEBUG:root:Init WaitorList
DEBUG:root:Init ActionList
INFO:root:Server started successfully!
DEBUG:root:Init TableList
DEBUG:root:Init WaitorList
DEBUG:root:Init ActionList
INFO:root:Server started successfully!
INFO:root:call add_action in server
INFO:root:Add action with ID: 1, description: bestellen and table (ID: 1, number: 4)
INFO:root:Assigned Action with ID "1" and description "bestellen" from table with ID 1 to the Waitor with the ID 0
INFO:root:call add_action in server
INFO:root:Add action with ID: 2, description: bezahlen and table (ID: 1, number: 4)
INFO:root:Assigned Action with ID "2" and description "bezahlen" from table with ID 1 to the Waitor with the ID 1
ERROR:GASTROCOM:Exception on /api/POST/completeAction [POST]
Traceback (most recent call last):
  File "/home/jakob/.local/lib/python3.8/site-packages/flask/app.py", line 2051, in wsgi_app
    response = self.full_dispatch_request()
  File "/home/jakob/.local/lib/python3.8/site-packages/flask/app.py", line 1501, in full_dispatch_request
    rv = self.handle_user_exception(e)
  File "/home/jakob/.local/lib/python3.8/site-packages/flask/app.py", line 1499, in full_dispatch_request
    rv = self.dispatch_request()
  File "/home/jakob/.local/lib/python3.8/site-packages/flask/app.py", line 1485, in dispatch_request
    return self.ensure_sync(self.view_functions[rule.endpoint])(**req.view_args)
  File "/home/jakob/PycharmProjects/GastronomyCommunicator/Server/web_server.py", line 28, in post_action
    core.complete_action(data["action_id"])
KeyError: 'action_id'
ERROR:GASTROCOM:Exception on /api/POST/completeAction [POST]
Traceback (most recent call last):
  File "/home/jakob/.local/lib/python3.8/site-packages/flask/app.py", line 2051, in wsgi_app
    response = self.full_dispatch_request()
  File "/home/jakob/.local/lib/python3.8/site-packages/flask/app.py", line 1501, in full_dispatch_request
    rv = self.handle_user_exception(e)
  File "/home/jakob/.local/lib/python3.8/site-packages/flask/app.py", line 1499, in full_dispatch_request
    rv = self.dispatch_request()
  File "/home/jakob/.local/lib/python3.8/site-packages/flask/app.py", line 1485, in dispatch_request
    return self.ensure_sync(self.view_functions[rule.endpoint])(**req.view_args)
  File "/home/jakob/PycharmProjects/GastronomyCommunicator/Server/web_server.py", line 28, in post_action
    core.complete_action(data["action_id"])
  File "/home/jakob/PycharmProjects/GastronomyCommunicator/Server/server.py", line 40, in complete_action
    return self.action_list.comple_action(order_id)
AttributeError: 'ActionList' object has no attribute 'comple_action'
DEBUG:root:Init TableList
DEBUG:root:Init WaitorList
DEBUG:root:Init ActionList
INFO:root:Server started successfully!
INFO:root:Add action with ID: 1, description: bestellen and table (ID: 1, number: 4)
INFO:root:Assigned Action with ID "1" and description "bestellen" from table with ID 1 to the Waitor with the ID 0
INFO:root:Add action with ID: 2, description: bezahlen and table (ID: 1, number: 4)
INFO:root:Assigned Action with ID "2" and description "bezahlen" from table with ID 1 to the Waitor with the ID 1
ERROR:GASTROCOM:Exception on /api/POST/completeAction [POST]
Traceback (most recent call last):
  File "/home/jakob/.local/lib/python3.8/site-packages/flask/app.py", line 2051, in wsgi_app
    response = self.full_dispatch_request()
  File "/home/jakob/.local/lib/python3.8/site-packages/flask/app.py", line 1501, in full_dispatch_request
    rv = self.handle_user_exception(e)
  File "/home/jakob/.local/lib/python3.8/site-packages/flask/app.py", line 1499, in full_dispatch_request
    rv = self.dispatch_request()
  File "/home/jakob/.local/lib/python3.8/site-packages/flask/app.py", line 1485, in dispatch_request
    return self.ensure_sync(self.view_functions[rule.endpoint])(**req.view_args)
  File "/home/jakob/PycharmProjects/GastronomyCommunicator/Server/web_server.py", line 27, in post_action
    core.complete_action(data["action_id"])
  File "/home/jakob/PycharmProjects/GastronomyCommunicator/Server/server.py", line 40, in complete_action
    return self.action_list.comple_action(order_id)
AttributeError: 'ActionList' object has no attribute 'comple_action'
DEBUG:root:Init TableList
DEBUG:root:Init WaitorList
DEBUG:root:Init ActionList
INFO:root:Server started successfully!
INFO:root:Add action with ID: 1, description: bestellen and table (ID: 1, number: 4)
INFO:root:Assigned Action with ID "1" and description "bestellen" from table with ID 1 to the Waitor with the ID 0
INFO:root:Add action with ID: 2, description: bezahlen and table (ID: 1, number: 4)
INFO:root:Assigned Action with ID "2" and description "bezahlen" from table with ID 1 to the Waitor with the ID 1
INFO:root:Add action with ID: 3, description: bestellen and table (ID: 1, number: 4)
INFO:root:Assigned Action with ID "3" and description "bestellen" from table with ID 1 to the Waitor with the ID 0
ERROR:GASTROCOM:Exception on /api/POST/completeAction [POST]
Traceback (most recent call last):
  File "/home/jakob/.local/lib/python3.8/site-packages/flask/app.py", line 2051, in wsgi_app
    response = self.full_dispatch_request()
  File "/home/jakob/.local/lib/python3.8/site-packages/flask/app.py", line 1501, in full_dispatch_request
    rv = self.handle_user_exception(e)
  File "/home/jakob/.local/lib/python3.8/site-packages/flask/app.py", line 1499, in full_dispatch_request
    rv = self.dispatch_request()
  File "/home/jakob/.local/lib/python3.8/site-packages/flask/app.py", line 1485, in dispatch_request
    return self.ensure_sync(self.view_functions[rule.endpoint])(**req.view_args)
  File "/home/jakob/PycharmProjects/GastronomyCommunicator/Server/web_server.py", line 27, in post_action
    core.complete_action(data["action_id"])
  File "/home/jakob/PycharmProjects/GastronomyCommunicator/Server/server.py", line 40, in complete_action
    return self.action_list.comple_action(order_id)
AttributeError: 'ActionList' object has no attribute 'comple_action'
DEBUG:root:Init TableList
DEBUG:root:Init WaitorList
DEBUG:root:Init ActionList
INFO:root:Server started successfully!
INFO:root:Add action with ID: 1, description: bestellen and table (ID: 1, number: 4)
INFO:root:Assigned Action with ID "1" and description "bestellen" from table with ID 1 to the Waitor with the ID 0
INFO:root:Add action with ID: 2, description: bezahlen and table (ID: 1, number: 4)
INFO:root:Assigned Action with ID "2" and description "bezahlen" from table with ID 1 to the Waitor with the ID 1
INFO:root:Add action with ID: 3, description: frage and table (ID: 1, number: 4)
INFO:root:Assigned Action with ID "3" and description "frage" from table with ID 1 to the Waitor with the ID 0
